
🚀 [1/5] ブラウザ起動...
🔑 [2/5] ログイン実行中...
⏳ ログイン処理完了を待機中...
🔄 [3/5] カテゴリ巡回（ターゲット: 2026年4月27日）
📂 [巡回] 報道・連載 にアクセス中...
  [+] 未来の主人公は君たち――未来部... 📄
  [+] 池田先生の青春の思い出の地「森... 📄
  [+] 〈第10回本部幹部会〉　海外活... 📄
  [+] 〈社説〉　2026・4・27　... 📄
  [+] 月々日々に――池田先生の折々の... 📄
  [+] 名字の言　アメリカ青年部の友の... 📄
  [+] 寸鉄
2026年4月27日... 📄
  [+] 【長野】〈KAYO御書リレー〉... 📄
📂 [巡回] 池田大作先生 にアクセス中...
  [+] 〈劇画×広布の足跡〉　5・3　... 📄
📂 [巡回] 体験・教学 にアクセス中...
  [+] 〈能登は美し　信仰体験〉　人と... 📄
  [+] 〈きょうの発心〉　聖人御難事　... 📄
📂 [巡回] 生活・文化 にアクセス中...
  [+] 〈医療〉　がんを縮小させ、つら... 📄
  [+] 〈文化〉「質は高く、敷居は低く... 📄
📂 [巡回] 投稿 にアクセス中...
📂 [巡回] 漫画 にアクセス中...
  [+] 〈ちーちゃん家〉2673
20... 📄
📂 [巡回] デジタル特集 にアクセス中...
  [+] 〈劇画×広布の足跡〉　小説から... 📄
📂 [巡回] ユース特集 にアクセス中...
  [+] 【特集】ガラスの天井×女の“変... 📄
📂 [巡回] 大白蓮華 にアクセス中...

📊 [4/5] 収集完了: 16 件
💾 [5/5] RSS保存...
✨ 完了: images/ と /home/yoshikazu-obikawa/dev/seikyoRSS/seikyo_news.xml を更新しました。
